
> crypto-trading-backend@1.0.0 dev
> nodemon server.js

[33m[nodemon] 3.1.10[39m
[33m[nodemon] to restart at any time, enter `rs`[39m
[33m[nodemon] watching path(s): *.*[39m
[33m[nodemon] watching extensions: js,mjs,cjs,json[39m
[32m[nodemon] starting `node server.js`[39m
Serveur backend démarré sur le port 3001
WebSocket server démarré sur le port 8080
Client connecté au WebSocket
Client déconnecté du WebSocket
Client connecté au WebSocket
Erreur lors de la récupération des données historiques: Request failed with status code 429
Client déconnecté du WebSocket
Client connecté au WebSocket
Client déconnecté du WebSocket
Client connecté au WebSocket
Client déconnecté du WebSocket
Client connecté au WebSocket
Client connecté au WebSocket
